Kudan/android-breakout1/app/build/outputs/logs/manifest-merger-debug-report.txt
-- Merging decision tree log ---
manifest
ADDED from src\main\AndroidManifest.xml:18:1-62:12
INJECTED from src\main\AndroidManifest.xml:18:1-62:12
INJECTED from src\main\AndroidManifest.xml:18:1-62:12
INJECTED from src\main\AndroidManifest.xml:18:1-62:12
INJECTED from src\main\AndroidManifest.xml:18:1-62:12
INJECTED from src\main\AndroidManifest.xml:18:1-62:12
INJECTED from src\main\AndroidManifest.xml:18:1-62:12
	package
		ADDED from src\main\AndroidManifest.xml:19:5-38
		INJECTED from src\main\AndroidManifest.xml
		INJECTED from src\main\AndroidManifest.xml
	android:versionName
		ADDED from src\main\AndroidManifest.xml:21:5-32
		INJECTED from src\main\AndroidManifest.xml
		INJECTED from src\main\AndroidManifest.xml
	xmlns:android
		ADDED from src\main\AndroidManifest.xml:18:11-69
	android:versionCode
		ADDED from src\main\AndroidManifest.xml:20:5-28
		INJECTED from src\main\AndroidManifest.xml
		INJECTED from src\main\AndroidManifest.xml
uses-sdk
ADDED from src\main\AndroidManifest.xml:24:5-74
INJECTED from src\main\AndroidManifest.xml:24:5-74
INJECTED from src\main\AndroidManifest.xml:24:5-74
INJECTED from src\main\AndroidManifest.xml:24:5-74
INJECTED from src\main\AndroidManifest.xml:24:5-74
	android:targetSdkVersion
		ADDED from src\main\AndroidManifest.xml:24:42-71
		INJECTED from src\main\AndroidManifest.xml
		INJECTED from src\main\AndroidManifest.xml
	android:minSdkVersion
		ADDED from src\main\AndroidManifest.xml:24:15-41
		INJECTED from src\main\AndroidManifest.xml
		INJECTED from src\main\AndroidManifest.xml
uses-feature#0x00020000
ADDED from src\main\AndroidManifest.xml:27:5-78
	android:glEsVersion
		ADDED from src\main\AndroidManifest.xml:27:19-51
	android:required
		ADDED from src\main\AndroidManifest.xml:27:52-75
supports-screens
ADDED from src\main\AndroidManifest.xml:30:5-32:41
	android:smallScreens
		ADDED from src\main\AndroidManifest.xml:31:9-37
	android:normalScreens
		ADDED from src\main\AndroidManifest.xml:32:9-38
uses-permission#android.permission.CAMERA
ADDED from src\main\AndroidManifest.xml:33:5-65
	android:name
		ADDED from src\main\AndroidManifest.xml:33:22-62
uses-permission#android.permission.INTERNET
ADDED from src\main\AndroidManifest.xml:34:5-67
	android:name
		ADDED from src\main\AndroidManifest.xml:34:22-64
uses-permission#android.permission.ACCESS_NETWORK_STATE
ADDED from src\main\AndroidManifest.xml:35:5-79
	android:name
		ADDED from src\main\AndroidManifest.xml:35:22-76
uses-permission#android.permission.READ_EXTERNAL_STORAGE
ADDED from src\main\AndroidManifest.xml:36:5-80
	android:name
		ADDED from src\main\AndroidManifest.xml:36:22-77
uses-permission#android.permission.WRITE_EXTERNAL_STORAGE
ADDED from src\main\AndroidManifest.xml:37:5-81
	android:name
		ADDED from src\main\AndroidManifest.xml:37:22-78
uses-permission#android.permission.READ_PHONE_STATE
ADDED from src\main\AndroidManifest.xml:38:5-75
	android:name
		ADDED from src\main\AndroidManifest.xml:38:22-72
uses-permission#android.permission.RECORD_AUDIO
ADDED from src\main\AndroidManifest.xml:39:5-71
	android:name
		ADDED from src\main\AndroidManifest.xml:39:22-68
application
ADDED from src\main\AndroidManifest.xml:41:5-60:19
	android:label
		ADDED from src\main\AndroidManifest.xml:43:9-41
	android:icon
		ADDED from src\main\AndroidManifest.xml:42:9-45
activity#com.faddensoft.breakout.BreakoutActivity
ADDED from src\main\AndroidManifest.xml:46:9-54:20
	android:label
		ADDED from src\main\AndroidManifest.xml:48:13-45
	android:name
		ADDED from src\main\AndroidManifest.xml:47:13-45
intent-filter#android.intent.action.MAIN+android.intent.category.LAUNCHER
ADDED from src\main\AndroidManifest.xml:49:13-53:29
action#android.intent.action.MAIN
ADDED from src\main\AndroidManifest.xml:50:17-69
	android:name
		ADDED from src\main\AndroidManifest.xml:50:25-66
category#android.intent.category.LAUNCHER
ADDED from src\main\AndroidManifest.xml:52:17-77
	android:name
		ADDED from src\main\AndroidManifest.xml:52:27-74
activity#com.faddensoft.breakout.GameActivity
ADDED from src\main\AndroidManifest.xml:57:9-59:74
	android:theme
		ADDED from src\main\AndroidManifest.xml:59:13-71
	android:name
		ADDED from src\main\AndroidManifest.xml:58:13-64